<?xml version="1.0" encoding="UTF-8"?>
<testng-results ignored="0" total="1" passed="1" failed="0" skipped="0">
  <reporter-output>
  </reporter-output>
  <suite started-at="2025-08-01T16:03:51 IST" name="Default suite" finished-at="2025-08-01T16:03:59 IST" duration-ms="8278">
    <groups>
    </groups>
    <test started-at="2025-08-01T16:03:51 IST" name="Default test" finished-at="2025-08-01T16:03:59 IST" duration-ms="8278">
      <class name="tutorialninjaRegister.OpencartDemo">
        <test-method signature="verifyRegisteringWithMandatoryFeilds()[pri:0, instance:tutorialninjaRegister.OpencartDemo@5e0e82ae]" started-at="2025-08-01T16:03:51 IST" name="verifyRegisteringWithMandatoryFeilds" finished-at="2025-08-01T16:03:59 IST" duration-ms="8174" status="PASS">
          <reporter-output>
          </reporter-output>
        </test-method> <!-- verifyRegisteringWithMandatoryFeilds -->
      </class> <!-- tutorialninjaRegister.OpencartDemo -->
    </test> <!-- Default test -->
  </suite> <!-- Default suite -->
</testng-results>
