<?xml version="1.0" encoding="UTF-8"?>
<testng-results ignored="0" total="1" passed="1" failed="0" skipped="0">
  <reporter-output>
  </reporter-output>
  <suite started-at="2025-08-07T15:23:46 IST" name="Default suite" finished-at="2025-08-07T15:23:53 IST" duration-ms="7302">
    <groups>
    </groups>
    <test started-at="2025-08-07T15:23:46 IST" name="Default test" finished-at="2025-08-07T15:23:53 IST" duration-ms="7302">
      <class name="tutorialninjaRegister.TC_003">
        <test-method signature="VerifyRegisteringAccountWithoutfillFeild()[pri:0, instance:tutorialninjaRegister.TC_003@30c15d8b]" started-at="2025-08-07T15:23:46 IST" name="VerifyRegisteringAccountWithoutfillFeild" finished-at="2025-08-07T15:23:53 IST" duration-ms="7220" status="PASS">
          <reporter-output>
          </reporter-output>
        </test-method> <!-- VerifyRegisteringAccountWithoutfillFeild -->
      </class> <!-- tutorialninjaRegister.TC_003 -->
    </test> <!-- Default test -->
  </suite> <!-- Default suite -->
</testng-results>
